c:\users\saman\onedrive\documents\github\pocket-frog\pocket frog vs\pocket frog vs\x64\debug\vc143.pdb
c:\users\saman\onedrive\documents\github\pocket-frog\pocket frog vs\pocket frog vs\x64\debug\vc143.idb
c:\users\saman\onedrive\documents\github\pocket-frog\pocket frog vs\pocket frog vs\x64\debug\player.obj
c:\users\saman\onedrive\documents\github\pocket-frog\pocket frog vs\pocket frog vs\x64\debug\main.obj
c:\users\saman\onedrive\documents\github\pocket-frog\pocket frog vs\pocket frog vs\x64\debug\enemy.obj
c:\users\saman\onedrive\documents\github\pocket-frog\pocket frog vs\pocket frog vs\x64\debug\bush.obj
c:\users\saman\onedrive\documents\github\pocket-frog\pocket frog vs\x64\debug\pocket frog vs.exe
c:\users\saman\onedrive\documents\github\pocket-frog\pocket frog vs\x64\debug\pocket frog vs.pdb
c:\users\saman\onedrive\documents\github\pocket-frog\pocket frog vs\x64\debug\raylib.dll
c:\users\saman\onedrive\documents\github\pocket-frog\pocket frog vs\x64\debug\glfw3.dll
c:\users\saman\onedrive\documents\github\pocket-frog\pocket frog vs\pocket frog vs\x64\debug\pocket frog vs.ilk
c:\users\saman\onedrive\documents\github\pocket-frog\pocket frog vs\pocket frog vs\x64\debug\pocket frog vs.tlog\cl.command.1.tlog
c:\users\saman\onedrive\documents\github\pocket-frog\pocket frog vs\pocket frog vs\x64\debug\pocket frog vs.tlog\cl.items.tlog
c:\users\saman\onedrive\documents\github\pocket-frog\pocket frog vs\pocket frog vs\x64\debug\pocket frog vs.tlog\cl.read.1.tlog
c:\users\saman\onedrive\documents\github\pocket-frog\pocket frog vs\pocket frog vs\x64\debug\pocket frog vs.tlog\cl.write.1.tlog
c:\users\saman\onedrive\documents\github\pocket-frog\pocket frog vs\pocket frog vs\x64\debug\pocket frog vs.tlog\link.command.1.tlog
c:\users\saman\onedrive\documents\github\pocket-frog\pocket frog vs\pocket frog vs\x64\debug\pocket frog vs.tlog\link.read.1.tlog
c:\users\saman\onedrive\documents\github\pocket-frog\pocket frog vs\pocket frog vs\x64\debug\pocket frog vs.tlog\link.secondary.1.tlog
c:\users\saman\onedrive\documents\github\pocket-frog\pocket frog vs\pocket frog vs\x64\debug\pocket frog vs.tlog\link.write.1.tlog
c:\users\saman\onedrive\documents\github\pocket-frog\pocket frog vs\pocket frog vs\x64\debug\pocket frog vs.tlog\pocket frog vs.write.1u.tlog
