  bush.cpp
  Enemy.cpp
C:\Users\saman\OneDrive\Documents\GitHub\Pocket-Frog\Pocket frog vs\Pocket frog vs\Enemy.cpp(30,42): warning C4244: '=': conversion from 'double' to 'float', possible loss of data
  main.cpp
C:\Users\saman\OneDrive\Documents\GitHub\Pocket-Frog\Pocket frog vs\Pocket frog vs\main.cpp(73,50): warning C4244: 'argument': conversion from 'float' to 'int', possible loss of data
C:\Users\saman\OneDrive\Documents\GitHub\Pocket-Frog\Pocket frog vs\Pocket frog vs\main.cpp(73,22): warning C4244: 'argument': conversion from 'float' to 'int', possible loss of data
C:\Users\saman\OneDrive\Documents\GitHub\Pocket-Frog\Pocket frog vs\Pocket frog vs\main.cpp(74,32): warning C4244: 'argument': conversion from 'float' to 'int', possible loss of data
C:\Users\saman\OneDrive\Documents\GitHub\Pocket-Frog\Pocket frog vs\Pocket frog vs\main.cpp(74,17): warning C4244: 'argument': conversion from 'float' to 'int', possible loss of data
  Player.cpp
C:\Users\saman\OneDrive\Documents\GitHub\Pocket-Frog\Pocket frog vs\Pocket frog vs\Player.cpp(6,40): warning C4129: 's': unrecognized character escape sequence
C:\Users\saman\OneDrive\Documents\GitHub\Pocket-Frog\Pocket frog vs\Pocket frog vs\Player.cpp(6,40): warning C4129: 'O': unrecognized character escape sequence
C:\Users\saman\OneDrive\Documents\GitHub\Pocket-Frog\Pocket frog vs\Pocket frog vs\Player.cpp(6,40): warning C4129: 'D': unrecognized character escape sequence
C:\Users\saman\OneDrive\Documents\GitHub\Pocket-Frog\Pocket frog vs\Pocket frog vs\Player.cpp(6,40): warning C4129: 'G': unrecognized character escape sequence
C:\Users\saman\OneDrive\Documents\GitHub\Pocket-Frog\Pocket frog vs\Pocket frog vs\Player.cpp(6,40): warning C4129: 'P': unrecognized character escape sequence
C:\Users\saman\OneDrive\Documents\GitHub\Pocket-Frog\Pocket frog vs\Pocket frog vs\Player.cpp(7,39): warning C4129: 's': unrecognized character escape sequence
C:\Users\saman\OneDrive\Documents\GitHub\Pocket-Frog\Pocket frog vs\Pocket frog vs\Player.cpp(7,39): warning C4129: 'O': unrecognized character escape sequence
C:\Users\saman\OneDrive\Documents\GitHub\Pocket-Frog\Pocket frog vs\Pocket frog vs\Player.cpp(7,39): warning C4129: 'D': unrecognized character escape sequence
C:\Users\saman\OneDrive\Documents\GitHub\Pocket-Frog\Pocket frog vs\Pocket frog vs\Player.cpp(7,39): warning C4129: 'G': unrecognized character escape sequence
C:\Users\saman\OneDrive\Documents\GitHub\Pocket-Frog\Pocket frog vs\Pocket frog vs\Player.cpp(7,39): warning C4129: 'P': unrecognized character escape sequence
C:\Users\saman\OneDrive\Documents\GitHub\Pocket-Frog\Pocket frog vs\Pocket frog vs\Player.cpp(7,39): warning C4129: 'l': unrecognized character escape sequence
C:\Users\saman\OneDrive\Documents\GitHub\Pocket-Frog\Pocket frog vs\Pocket frog vs\Player.cpp(10,51): warning C4838: conversion from 'int' to 'float' requires a narrowing conversion
C:\Users\saman\OneDrive\Documents\GitHub\Pocket-Frog\Pocket frog vs\Pocket frog vs\Player.cpp(10,51): warning C4244: 'initializing': conversion from 'int' to 'float', possible loss of data
C:\Users\saman\OneDrive\Documents\GitHub\Pocket-Frog\Pocket frog vs\Pocket frog vs\Player.cpp(10,78): warning C4838: conversion from 'int' to 'float' requires a narrowing conversion
C:\Users\saman\OneDrive\Documents\GitHub\Pocket-Frog\Pocket frog vs\Pocket frog vs\Player.cpp(10,78): warning C4244: 'initializing': conversion from 'int' to 'float', possible loss of data
  Generating Code...
  Pocket frog vs.vcxproj -> C:\Users\saman\OneDrive\Documents\GitHub\Pocket-Frog\Pocket frog vs\x64\Debug\Pocket frog vs.exe
  'pwsh.exe' is not recognized as an internal or external command,
  operable program or batch file.
